  Building Custom Rule C:/Users/HurJin/0. GameServerStudy/1. Project/LoginServer/Redis/hiredis/CMakeLists.txt
  alloc.c
C:\Users\HurJin\0. GameServerStudy\1. Project\LoginServer\Redis\hiredis\alloc.c(40,17): warning C4996: 'strdup': The POSIX name for this item is deprecated. Instead, use the ISO C and C++ conformant name: _strdup. See online help for details.
C:\Users\HurJin\0. GameServerStudy\1. Project\LoginServer\Redis\hiredis\alloc.c(59,21): warning C4996: 'strdup': The POSIX name for this item is deprecated. Instead, use the ISO C and C++ conformant name: _strdup. See online help for details.
  async.c
C:\Users\HurJin\0. GameServerStudy\1. Project\LoginServer\Redis\hiredis\async.c(62,32): warning C4267: '함수': 'size_t'에서 'int'(으)로 변환하면서 데이터가 손실될 수 있습니다.
C:\Users\HurJin\0. GameServerStudy\1. Project\LoginServer\Redis\hiredis\async.c(81,10): warning C4267: '=': 'size_t'에서 'int'(으)로 변환하면서 데이터가 손실될 수 있습니다.
C:\Users\HurJin\0. GameServerStudy\1. Project\LoginServer\Redis\hiredis\async.c(82,10): warning C4267: '=': 'size_t'에서 'int'(으)로 변환하면서 데이터가 손실될 수 있습니다.
C:\Users\HurJin\0. GameServerStudy\1. Project\LoginServer\Redis\hiredis\async.c(505,13): warning C4996: 'stricmp': The POSIX name for this item is deprecated. Instead, use the ISO C and C++ conformant name: _stricmp. See online help for details.
C:\Users\HurJin\0. GameServerStudy\1. Project\LoginServer\Redis\hiredis\async.c(509,20): warning C4996: 'stricmp': The POSIX name for this item is deprecated. Instead, use the ISO C and C++ conformant name: _stricmp. See online help for details.
C:\Users\HurJin\0. GameServerStudy\1. Project\LoginServer\Redis\hiredis\async.c(565,13): warning C4996: 'strnicmp': The POSIX name for this item is deprecated. Instead, use the ISO C and C++ conformant name: _strnicmp. See online help for details.
C:\Users\HurJin\0. GameServerStudy\1. Project\LoginServer\Redis\hiredis\async.c(566,13): warning C4996: 'strnicmp': The POSIX name for this item is deprecated. Instead, use the ISO C and C++ conformant name: _strnicmp. See online help for details.
C:\Users\HurJin\0. GameServerStudy\1. Project\LoginServer\Redis\hiredis\async.c(567,13): warning C4996: 'strnicmp': The POSIX name for this item is deprecated. Instead, use the ISO C and C++ conformant name: _strnicmp. See online help for details.
C:\Users\HurJin\0. GameServerStudy\1. Project\LoginServer\Redis\hiredis\async.c(865,20): warning C4996: 'strnicmp': The POSIX name for this item is deprecated. Instead, use the ISO C and C++ conformant name: _strnicmp. See online help for details.
C:\Users\HurJin\0. GameServerStudy\1. Project\LoginServer\Redis\hiredis\async.c(890,16): warning C4996: 'strnicmp': The POSIX name for this item is deprecated. Instead, use the ISO C and C++ conformant name: _strnicmp. See online help for details.
C:\Users\HurJin\0. GameServerStudy\1. Project\LoginServer\Redis\hiredis\async.c(943,16): warning C4996: 'strnicmp': The POSIX name for this item is deprecated. Instead, use the ISO C and C++ conformant name: _strnicmp. See online help for details.
  hiredis.c
C:\Users\HurJin\0. GameServerStudy\1. Project\LoginServer\Redis\hiredis\hiredis.c(352,31): warning C4267: '+=': 'size_t'에서 'int'(으)로 변환하면서 데이터가 손실될 수 있습니다.
C:\Users\HurJin\0. GameServerStudy\1. Project\LoginServer\Redis\hiredis\hiredis.c(508,19): warning C4267: '+=': 'size_t'에서 'int'(으)로 변환하면서 데이터가 손실될 수 있습니다.
C:\Users\HurJin\0. GameServerStudy\1. Project\LoginServer\Redis\hiredis\hiredis.c(527,16): warning C4267: '+=': 'size_t'에서 'int'(으)로 변환하면서 데이터가 손실될 수 있습니다.
C:\Users\HurJin\0. GameServerStudy\1. Project\LoginServer\Redis\hiredis\hiredis.c(988,21): warning C4244: '=': 'ssize_t'에서 'int'(으)로 변환하면서 데이터가 손실될 수 있습니다.
  net.c
C:\Users\HurJin\0. GameServerStudy\1. Project\LoginServer\Redis\hiredis\net.c(330,14): warning C4267: '함수': 'size_t'에서 'socklen_t'(으)로 변환하면서 데이터가 손실될 수 있습니다.
C:\Users\HurJin\0. GameServerStudy\1. Project\LoginServer\Redis\hiredis\net.c(395,9): warning C4267: '함수': 'size_t'에서 'socklen_t'(으)로 변환하면서 데이터가 손실될 수 있습니다.
C:\Users\HurJin\0. GameServerStudy\1. Project\LoginServer\Redis\hiredis\net.c(399,9): warning C4267: '함수': 'size_t'에서 'socklen_t'(으)로 변환하면서 데이터가 손실될 수 있습니다.
C:\Users\HurJin\0. GameServerStudy\1. Project\LoginServer\Redis\hiredis\net.c(542,21): warning C4267: '함수': 'size_t'에서 'socklen_t'(으)로 변환하면서 데이터가 손실될 수 있습니다.
C:\Users\HurJin\0. GameServerStudy\1. Project\LoginServer\Redis\hiredis\net.c(565,13): warning C4267: '함수': 'size_t'에서 'socklen_t'(으)로 변환하면서 데이터가 손실될 수 있습니다.
C:\Users\HurJin\0. GameServerStudy\1. Project\LoginServer\Redis\hiredis\net.c(691,1): warning C4102: 'oom': 참조되지 않은 레이블입니다.
  read.c
C:\Users\HurJin\0. GameServerStudy\1. Project\LoginServer\Redis\hiredis\read.c(216,37): warning C4146: 단항 빼기 연산자가 부호 없는 형식에 적용되었습니다. 결과는 역시 unsigned입니다.
C:\Users\HurJin\0. GameServerStudy\1. Project\LoginServer\Redis\hiredis\read.c(232,16): warning C4267: '=': 'size_t'에서 'int'(으)로 변환하면서 데이터가 손실될 수 있습니다.
C:\Users\HurJin\0. GameServerStudy\1. Project\LoginServer\Redis\hiredis\read.c(303,29): warning C4996: 'stricmp': The POSIX name for this item is deprecated. Instead, use the ISO C and C++ conformant name: _stricmp. See online help for details.
C:\Users\HurJin\0. GameServerStudy\1. Project\LoginServer\Redis\hiredis\read.c(305,36): warning C4996: 'stricmp': The POSIX name for this item is deprecated. Instead, use the ISO C and C++ conformant name: _stricmp. See online help for details.
C:\Users\HurJin\0. GameServerStudy\1. Project\LoginServer\Redis\hiredis\read.c(307,37): warning C4996: 'stricmp': The POSIX name for this item is deprecated. Instead, use the ISO C and C++ conformant name: _stricmp. See online help for details.
C:\Users\HurJin\0. GameServerStudy\1. Project\LoginServer\Redis\hiredis\read.c(308,37): warning C4996: 'stricmp': The POSIX name for this item is deprecated. Instead, use the ISO C and C++ conformant name: _stricmp. See online help for details.
C:\Users\HurJin\0. GameServerStudy\1. Project\LoginServer\Redis\hiredis\read.c(410,36): warning C4267: '=': 'size_t'에서 'unsigned long'(으)로 변환하면서 데이터가 손실될 수 있습니다.
C:\Users\HurJin\0. GameServerStudy\1. Project\LoginServer\Redis\hiredis\read.c(433,27): warning C4244: '+=': '__int64'에서 'unsigned long'(으)로 변환하면서 데이터가 손실될 수 있습니다.
  sds.c
C:\Users\HurJin\0. GameServerStudy\1. Project\LoginServer\Redis\hiredis\sds.c(102,24): warning C4267: '=': 'size_t'에서 'unsigned char'(으)로 변환하면서 데이터가 손실될 수 있습니다.
C:\Users\HurJin\0. GameServerStudy\1. Project\LoginServer\Redis\hiredis\sds.c(107,23): warning C4267: '=': 'size_t'에서 'uint8_t'(으)로 변환하면서 데이터가 손실될 수 있습니다.
C:\Users\HurJin\0. GameServerStudy\1. Project\LoginServer\Redis\hiredis\sds.c(108,25): warning C4267: '=': 'size_t'에서 'uint8_t'(으)로 변환하면서 데이터가 손실될 수 있습니다.
C:\Users\HurJin\0. GameServerStudy\1. Project\LoginServer\Redis\hiredis\sds.c(114,23): warning C4267: '=': 'size_t'에서 'uint16_t'(으)로 변환하면서 데이터가 손실될 수 있습니다.
C:\Users\HurJin\0. GameServerStudy\1. Project\LoginServer\Redis\hiredis\sds.c(115,25): warning C4267: '=': 'size_t'에서 'uint16_t'(으)로 변환하면서 데이터가 손실될 수 있습니다.
C:\Users\HurJin\0. GameServerStudy\1. Project\LoginServer\Redis\hiredis\sds.c(121,23): warning C4267: '=': 'size_t'에서 'uint32_t'(으)로 변환하면서 데이터가 손실될 수 있습니다.
C:\Users\HurJin\0. GameServerStudy\1. Project\LoginServer\Redis\hiredis\sds.c(122,25): warning C4267: '=': 'size_t'에서 'uint32_t'(으)로 변환하면서 데이터가 손실될 수 있습니다.
C:\Users\HurJin\0. GameServerStudy\1. Project\LoginServer\Redis\hiredis\sds.c(462,12): warning C4267: 'return': 'size_t'에서 'int'(으)로 변환하면서 데이터가 손실될 수 있습니다.
C:\Users\HurJin\0. GameServerStudy\1. Project\LoginServer\Redis\hiredis\sds.c(491,12): warning C4267: 'return': 'size_t'에서 'int'(으)로 변환하면서 데이터가 손실될 수 있습니다.
C:\Users\HurJin\0. GameServerStudy\1. Project\LoginServer\Redis\hiredis\sds.c(590,9): warning C4267: '=': 'size_t'에서 'long'(으)로 변환하면서 데이터가 손실될 수 있습니다.
C:\Users\HurJin\0. GameServerStudy\1. Project\LoginServer\Redis\hiredis\sds.c(618,22): warning C4267: '+=': 'size_t'에서 'long'(으)로 변환하면서 데이터가 손실될 수 있습니다.
C:\Users\HurJin\0. GameServerStudy\1. Project\LoginServer\Redis\hiredis\sds.c(635,26): warning C4267: '+=': 'size_t'에서 'long'(으)로 변환하면서 데이터가 손실될 수 있습니다.
C:\Users\HurJin\0. GameServerStudy\1. Project\LoginServer\Redis\hiredis\sds.c(653,26): warning C4267: '+=': 'size_t'에서 'long'(으)로 변환하면서 데이터가 손실될 수 있습니다.
C:\Users\HurJin\0. GameServerStudy\1. Project\LoginServer\Redis\hiredis\sds.c(792,28): warning C4267: 'return': 'size_t'에서 'int'(으)로 변환하면서 데이터가 손실될 수 있습니다.
  sockcompat.c
  코드를 생성하고 있습니다...
  Auto build dll exports
     C:/Users/HurJin/0. GameServerStudy/1. Project/LoginServer/Redis/hiredis/build/Release/hiredis.lib 라이브러리 및 C:/Users/HurJin/0. GameServerStudy/1. Project/LoginServer/Redis/hiredis/build/Release/hiredis.exp 개체를 생성하고 있습니다.
  hiredis.vcxproj -> C:\Users\HurJin\0. GameServerStudy\1. Project\LoginServer\Redis\hiredis\build\Release\hiredis.dll
