c:\users\hurjin\0. gameserverstudy\1. project\loginserver\redis\hiredis\build\hiredis.dir\release\sockcompat.obj
c:\users\hurjin\0. gameserverstudy\1. project\loginserver\redis\hiredis\build\hiredis.dir\release\sds.obj
c:\users\hurjin\0. gameserverstudy\1. project\loginserver\redis\hiredis\build\hiredis.dir\release\read.obj
c:\users\hurjin\0. gameserverstudy\1. project\loginserver\redis\hiredis\build\hiredis.dir\release\net.obj
c:\users\hurjin\0. gameserverstudy\1. project\loginserver\redis\hiredis\build\hiredis.dir\release\hiredis.obj
c:\users\hurjin\0. gameserverstudy\1. project\loginserver\redis\hiredis\build\hiredis.dir\release\async.obj
c:\users\hurjin\0. gameserverstudy\1. project\loginserver\redis\hiredis\build\hiredis.dir\release\alloc.obj
c:\users\hurjin\0. gameserverstudy\1. project\loginserver\redis\hiredis\build\cmakefiles\generate.stamp
c:\users\hurjin\0. gameserverstudy\1. project\loginserver\redis\hiredis\build\release\hiredis.dll
c:\users\hurjin\0. gameserverstudy\1. project\loginserver\redis\hiredis\build\release\hiredis.lib
c:\users\hurjin\0. gameserverstudy\1. project\loginserver\redis\hiredis\build\release\hiredis.exp
c:\users\hurjin\0. gameserverstudy\1. project\loginserver\redis\hiredis\build\hiredis.dir\release\hiredis.tlog\cl.command.1.tlog
c:\users\hurjin\0. gameserverstudy\1. project\loginserver\redis\hiredis\build\hiredis.dir\release\hiredis.tlog\cl.items.tlog
c:\users\hurjin\0. gameserverstudy\1. project\loginserver\redis\hiredis\build\hiredis.dir\release\hiredis.tlog\cl.read.1.tlog
c:\users\hurjin\0. gameserverstudy\1. project\loginserver\redis\hiredis\build\hiredis.dir\release\hiredis.tlog\cl.write.1.tlog
c:\users\hurjin\0. gameserverstudy\1. project\loginserver\redis\hiredis\build\hiredis.dir\release\hiredis.tlog\custombuild.command.1.tlog
c:\users\hurjin\0. gameserverstudy\1. project\loginserver\redis\hiredis\build\hiredis.dir\release\hiredis.tlog\custombuild.read.1.tlog
c:\users\hurjin\0. gameserverstudy\1. project\loginserver\redis\hiredis\build\hiredis.dir\release\hiredis.tlog\custombuild.write.1.tlog
c:\users\hurjin\0. gameserverstudy\1. project\loginserver\redis\hiredis\build\hiredis.dir\release\hiredis.tlog\link.command.1.tlog
c:\users\hurjin\0. gameserverstudy\1. project\loginserver\redis\hiredis\build\hiredis.dir\release\hiredis.tlog\link.read.1.tlog
c:\users\hurjin\0. gameserverstudy\1. project\loginserver\redis\hiredis\build\hiredis.dir\release\hiredis.tlog\link.secondary.1.tlog
c:\users\hurjin\0. gameserverstudy\1. project\loginserver\redis\hiredis\build\hiredis.dir\release\hiredis.tlog\link.write.1.tlog
